[0.025s] Invoking command in '/home/seunkun/pre_capstone/build/gcamp_gazebo': CMAKE_PREFIX_PATH=${CMAKE_PREFIX_PATH}:/home/seunkun/nav2_ws/install/nav2_gazebo_spawner:/home/seunkun/gcamp_ros2_ws/install/py_topic_pkg:/home/seunkun/gcamp_ros2_ws/install/py_service_pkg:/home/seunkun/gcamp_ros2_ws/install/py_first_pkg:/home/seunkun/gcamp_ros2_ws/install/py_action_pkg:/opt/ros/foxy /usr/bin/cmake /home/seunkun/pre_capstone/src/gcamp_ros2_basic/gcamp_gazebo -DAMENT_CMAKE_SYMLINK_INSTALL=1 -DCMAKE_INSTALL_PREFIX=/home/seunkun/pre_capstone/install/gcamp_gazebo
[0.190s] -- The C compiler identification is GNU 9.3.0
[0.321s] -- The CXX compiler identification is GNU 9.3.0
[0.335s] -- Check for working C compiler: /usr/bin/cc
[0.441s] -- Check for working C compiler: /usr/bin/cc -- works
[0.444s] -- Detecting C compiler ABI info
[0.555s] -- Detecting C compiler ABI info - done
[0.574s] -- Detecting C compile features
[0.575s] -- Detecting C compile features - done
[0.580s] -- Check for working CXX compiler: /usr/bin/c++
[0.695s] -- Check for working CXX compiler: /usr/bin/c++ -- works
[0.696s] -- Detecting CXX compiler ABI info
[0.817s] -- Detecting CXX compiler ABI info - done
[0.836s] -- Detecting CXX compile features
[0.837s] -- Detecting CXX compile features - done
[0.848s] -- Found ament_cmake: 0.9.9 (/opt/ros/foxy/share/ament_cmake/cmake)
[0.905s] -- Found PythonInterp: /usr/bin/python3 (found suitable version "3.8.10", minimum required is "3") 
[0.905s] -- Using PYTHON_EXECUTABLE: /usr/bin/python3
[1.149s] -- Override CMake install command with custom implementation using symlinks instead of copying resources
[1.256s] -- Found rclcpp: 2.4.0 (/opt/ros/foxy/share/rclcpp/cmake)
[1.371s] -- Using all available rosidl_typesupport_c: rosidl_typesupport_fastrtps_c;rosidl_typesupport_introspection_c
[1.396s] -- Found rosidl_adapter: 1.2.1 (/opt/ros/foxy/share/rosidl_adapter/cmake)
[1.603s] -- Found OpenSSL: /usr/lib/x86_64-linux-gnu/libcrypto.so (found version "1.1.1f")  
[1.656s] -- Found FastRTPS: /opt/ros/foxy/include  
[1.795s] -- Using all available rosidl_typesupport_cpp: rosidl_typesupport_fastrtps_cpp;rosidl_typesupport_introspection_cpp
[1.910s] -- Found rmw_implementation_cmake: 1.0.3 (/opt/ros/foxy/share/rmw_implementation_cmake/cmake)
[1.915s] -- Using RMW implementation 'rmw_fastrtps_cpp' as default
[1.917s] -- Looking for pthread.h
[2.039s] -- Looking for pthread.h - found
[2.039s] -- Performing Test CMAKE_HAVE_LIBC_PTHREAD
[2.158s] -- Performing Test CMAKE_HAVE_LIBC_PTHREAD - Failed
[2.158s] -- Looking for pthread_create in pthreads
[2.259s] -- Looking for pthread_create in pthreads - not found
[2.260s] -- Looking for pthread_create in pthread
[2.390s] -- Looking for pthread_create in pthread - found
[2.392s] -- Found Threads: TRUE  
[2.667s] -- Found xacro: 2.0.7 (/opt/ros/foxy/share/xacro/cmake)
[2.676s] -- Found ament_lint_auto: 0.9.6 (/opt/ros/foxy/share/ament_lint_auto/cmake)
[2.862s] -- Added test 'copyright' to check source files copyright and LICENSE
[2.872s] -- Added test 'flake8' to check Python code syntax and style conventions
[2.874s] -- Added test 'lint_cmake' to check CMake code style
[2.876s] -- Added test 'pep257' to check Python code against some of the style conventions in PEP 257
[2.881s] -- Added test 'xmllint' to check XML markup files
[2.888s] -- Configuring done
[2.891s] -- Generating done
[2.893s] -- Build files have been written to: /home/seunkun/pre_capstone/build/gcamp_gazebo
[2.904s] Invoked command in '/home/seunkun/pre_capstone/build/gcamp_gazebo' returned '0': CMAKE_PREFIX_PATH=${CMAKE_PREFIX_PATH}:/home/seunkun/nav2_ws/install/nav2_gazebo_spawner:/home/seunkun/gcamp_ros2_ws/install/py_topic_pkg:/home/seunkun/gcamp_ros2_ws/install/py_service_pkg:/home/seunkun/gcamp_ros2_ws/install/py_first_pkg:/home/seunkun/gcamp_ros2_ws/install/py_action_pkg:/opt/ros/foxy /usr/bin/cmake /home/seunkun/pre_capstone/src/gcamp_ros2_basic/gcamp_gazebo -DAMENT_CMAKE_SYMLINK_INSTALL=1 -DCMAKE_INSTALL_PREFIX=/home/seunkun/pre_capstone/install/gcamp_gazebo
[2.908s] Invoking command in '/home/seunkun/pre_capstone/build/gcamp_gazebo': CMAKE_PREFIX_PATH=${CMAKE_PREFIX_PATH}:/home/seunkun/nav2_ws/install/nav2_gazebo_spawner:/home/seunkun/gcamp_ros2_ws/install/py_topic_pkg:/home/seunkun/gcamp_ros2_ws/install/py_service_pkg:/home/seunkun/gcamp_ros2_ws/install/py_first_pkg:/home/seunkun/gcamp_ros2_ws/install/py_action_pkg:/opt/ros/foxy /usr/bin/cmake --build /home/seunkun/pre_capstone/build/gcamp_gazebo -- -j4 -l4
[2.982s] [35m[1mScanning dependencies of target media_files[0m
[3.004s] Built target media_files
[3.024s] Invoked command in '/home/seunkun/pre_capstone/build/gcamp_gazebo' returned '0': CMAKE_PREFIX_PATH=${CMAKE_PREFIX_PATH}:/home/seunkun/nav2_ws/install/nav2_gazebo_spawner:/home/seunkun/gcamp_ros2_ws/install/py_topic_pkg:/home/seunkun/gcamp_ros2_ws/install/py_service_pkg:/home/seunkun/gcamp_ros2_ws/install/py_first_pkg:/home/seunkun/gcamp_ros2_ws/install/py_action_pkg:/opt/ros/foxy /usr/bin/cmake --build /home/seunkun/pre_capstone/build/gcamp_gazebo -- -j4 -l4
[3.097s] Invoking command in '/home/seunkun/pre_capstone/build/gcamp_gazebo': CMAKE_PREFIX_PATH=${CMAKE_PREFIX_PATH}:/home/seunkun/nav2_ws/install/nav2_gazebo_spawner:/home/seunkun/gcamp_ros2_ws/install/py_topic_pkg:/home/seunkun/gcamp_ros2_ws/install/py_service_pkg:/home/seunkun/gcamp_ros2_ws/install/py_first_pkg:/home/seunkun/gcamp_ros2_ws/install/py_action_pkg:/opt/ros/foxy /usr/bin/cmake --install /home/seunkun/pre_capstone/build/gcamp_gazebo
[3.114s] -- Install configuration: ""
[3.115s] -- Execute custom install script
[3.116s] -- Symlinking: /home/seunkun/pre_capstone/install/gcamp_gazebo/share/gcamp_gazebo/launch/diffbot_description.launch.py
[3.139s] -- Symlinking: /home/seunkun/pre_capstone/install/gcamp_gazebo/share/gcamp_gazebo/launch/empty_world.launch.py
[3.157s] -- Symlinking: /home/seunkun/pre_capstone/install/gcamp_gazebo/share/gcamp_gazebo/launch/first_launch.launch.py
[3.174s] -- Symlinking: /home/seunkun/pre_capstone/install/gcamp_gazebo/share/gcamp_gazebo/launch/gcamp_world.launch.py
[3.195s] -- Symlinking: /home/seunkun/pre_capstone/install/gcamp_gazebo/share/gcamp_gazebo/launch/gcamp_world_windows.launch.py
[3.210s] -- Symlinking: /home/seunkun/pre_capstone/install/gcamp_gazebo/share/gcamp_gazebo/launch/maze_world.launch.py
[3.225s] -- Symlinking: /home/seunkun/pre_capstone/install/gcamp_gazebo/share/gcamp_gazebo/launch/second_launch.launch.py
[3.243s] -- Symlinking: /home/seunkun/pre_capstone/install/gcamp_gazebo/share/gcamp_gazebo/launch/skid_robot_world.launch.py
[3.261s] -- Symlinking: /home/seunkun/pre_capstone/install/gcamp_gazebo/share/gcamp_gazebo/launch/skidbot_description.launch.py
[3.280s] -- Symlinking: /home/seunkun/pre_capstone/install/gcamp_gazebo/share/gcamp_gazebo/launch/spawn_entity.launch.py
[3.299s] -- Symlinking: /home/seunkun/pre_capstone/install/gcamp_gazebo/share/gcamp_gazebo/launch/tinybot_description.launch.py
[3.316s] -- Symlinking: /home/seunkun/pre_capstone/install/gcamp_gazebo/share/gcamp_gazebo/worlds/bocbot_office.world
[3.332s] -- Symlinking: /home/seunkun/pre_capstone/install/gcamp_gazebo/share/gcamp_gazebo/worlds/gcamp_world.world
[3.349s] -- Symlinking: /home/seunkun/pre_capstone/install/gcamp_gazebo/share/gcamp_gazebo/worlds/maze_world.world
[3.369s] -- Symlinking: /home/seunkun/pre_capstone/install/gcamp_gazebo/share/gcamp_gazebo/urdf/diffbot.gazebo
[3.384s] -- Symlinking: /home/seunkun/pre_capstone/install/gcamp_gazebo/share/gcamp_gazebo/urdf/diffbot.urdf
[3.400s] -- Symlinking: /home/seunkun/pre_capstone/install/gcamp_gazebo/share/gcamp_gazebo/urdf/diffbot.urdf.xacro
[3.414s] -- Symlinking: /home/seunkun/pre_capstone/install/gcamp_gazebo/share/gcamp_gazebo/urdf/sambot.urdf
[3.428s] -- Symlinking: /home/seunkun/pre_capstone/install/gcamp_gazebo/share/gcamp_gazebo/urdf/skidbot.gazebo
[3.445s] -- Symlinking: /home/seunkun/pre_capstone/install/gcamp_gazebo/share/gcamp_gazebo/urdf/skidbot.urdf
[3.460s] -- Symlinking: /home/seunkun/pre_capstone/install/gcamp_gazebo/share/gcamp_gazebo/urdf/skidbot.urdf.xacro
[3.479s] -- Symlinking: /home/seunkun/pre_capstone/install/gcamp_gazebo/share/gcamp_gazebo/urdf/skidbot2.gazebo
[3.496s] -- Symlinking: /home/seunkun/pre_capstone/install/gcamp_gazebo/share/gcamp_gazebo/urdf/skidbot2.urdf
[3.509s] -- Symlinking: /home/seunkun/pre_capstone/install/gcamp_gazebo/share/gcamp_gazebo/urdf/skidbot2.urdf.xacro
[3.528s] -- Symlinking: /home/seunkun/pre_capstone/install/gcamp_gazebo/share/gcamp_gazebo/urdf/tinybot_diff.gazebo
[3.545s] -- Symlinking: /home/seunkun/pre_capstone/install/gcamp_gazebo/share/gcamp_gazebo/urdf/tinybot_diff.urdf
[3.564s] -- Symlinking: /home/seunkun/pre_capstone/install/gcamp_gazebo/share/gcamp_gazebo/urdf/tinybot_diff.urdf.xacro
[3.580s] -- Symlinking: /home/seunkun/pre_capstone/install/gcamp_gazebo/share/gcamp_gazebo/urdf/turtlebot.sdf
[3.595s] -- Symlinking: /home/seunkun/pre_capstone/install/gcamp_gazebo/share/gcamp_gazebo/rviz/description.rviz
[3.609s] -- Symlinking: /home/seunkun/pre_capstone/install/gcamp_gazebo/share/gcamp_gazebo/rviz/diffbot.rviz
[3.627s] -- Symlinking: /home/seunkun/pre_capstone/install/gcamp_gazebo/share/gcamp_gazebo/rviz/skidbot.rviz
[3.645s] -- Symlinking: /home/seunkun/pre_capstone/install/gcamp_gazebo/share/gcamp_gazebo/rviz/tinybot.rviz
[3.660s] -- Symlinking: /home/seunkun/pre_capstone/install/gcamp_gazebo/share/ament_index/resource_index/package_run_dependencies/gcamp_gazebo
[3.674s] -- Symlinking: /home/seunkun/pre_capstone/install/gcamp_gazebo/share/ament_index/resource_index/parent_prefix_path/gcamp_gazebo
[3.691s] -- Symlinking: /home/seunkun/pre_capstone/install/gcamp_gazebo/share/gcamp_gazebo/environment/ament_prefix_path.sh
[3.706s] -- Symlinking: /home/seunkun/pre_capstone/install/gcamp_gazebo/share/gcamp_gazebo/environment/ament_prefix_path.dsv
[3.719s] -- Symlinking: /home/seunkun/pre_capstone/install/gcamp_gazebo/share/gcamp_gazebo/environment/path.sh
[3.737s] -- Symlinking: /home/seunkun/pre_capstone/install/gcamp_gazebo/share/gcamp_gazebo/environment/path.dsv
[3.754s] -- Symlinking: /home/seunkun/pre_capstone/install/gcamp_gazebo/share/gcamp_gazebo/local_setup.bash
[3.769s] -- Symlinking: /home/seunkun/pre_capstone/install/gcamp_gazebo/share/gcamp_gazebo/local_setup.sh
[3.783s] -- Symlinking: /home/seunkun/pre_capstone/install/gcamp_gazebo/share/gcamp_gazebo/local_setup.zsh
[3.800s] -- Symlinking: /home/seunkun/pre_capstone/install/gcamp_gazebo/share/gcamp_gazebo/local_setup.dsv
[3.814s] -- Symlinking: /home/seunkun/pre_capstone/install/gcamp_gazebo/share/gcamp_gazebo/package.dsv
[3.831s] -- Symlinking: /home/seunkun/pre_capstone/install/gcamp_gazebo/share/ament_index/resource_index/packages/gcamp_gazebo
[3.849s] -- Symlinking: /home/seunkun/pre_capstone/install/gcamp_gazebo/share/gcamp_gazebo/cmake/gcamp_gazeboConfig.cmake
[3.864s] -- Symlinking: /home/seunkun/pre_capstone/install/gcamp_gazebo/share/gcamp_gazebo/cmake/gcamp_gazeboConfig-version.cmake
[3.878s] -- Symlinking: /home/seunkun/pre_capstone/install/gcamp_gazebo/share/gcamp_gazebo/package.xml
[3.895s] Invoked command in '/home/seunkun/pre_capstone/build/gcamp_gazebo' returned '0': CMAKE_PREFIX_PATH=${CMAKE_PREFIX_PATH}:/home/seunkun/nav2_ws/install/nav2_gazebo_spawner:/home/seunkun/gcamp_ros2_ws/install/py_topic_pkg:/home/seunkun/gcamp_ros2_ws/install/py_service_pkg:/home/seunkun/gcamp_ros2_ws/install/py_first_pkg:/home/seunkun/gcamp_ros2_ws/install/py_action_pkg:/opt/ros/foxy /usr/bin/cmake --install /home/seunkun/pre_capstone/build/gcamp_gazebo
